\BOOKMARK [0][-]{chapter.1}{\376\377\000s\000i\000m\000p\000l\000e\000\137\000s\000q\000l\000.\000m\000e\000t\000a\000d\000a\000t\000a\000\040\000p\000a\000c\000k\000a\000g\000e}{}% 1
\BOOKMARK [1][-]{section.1.1}{\376\377\000s\000i\000m\000p\000l\000e\000\137\000s\000q\000l\000.\000m\000e\000t\000a\000d\000a\000t\000a}{chapter.1}% 2
\BOOKMARK [0][-]{chapter.2}{\376\377\000s\000i\000m\000p\000l\000e\000\137\000s\000q\000l\000.\000m\000o\000d\000e\000l\000\040\000p\000a\000c\000k\000a\000g\000e}{}% 3
\BOOKMARK [1][-]{section.2.1}{\376\377\000s\000i\000m\000p\000l\000e\000\137\000s\000q\000l\000.\000m\000o\000d\000e\000l\000.\000c\000o\000l\000u\000m\000n}{chapter.2}% 4
\BOOKMARK [1][-]{section.2.2}{\376\377\000s\000i\000m\000p\000l\000e\000\137\000s\000q\000l\000.\000m\000o\000d\000e\000l\000.\000f\000o\000r\000e\000i\000g\000n\000\137\000k\000e\000y}{chapter.2}% 5
\BOOKMARK [1][-]{section.2.3}{\376\377\000s\000i\000m\000p\000l\000e\000\137\000s\000q\000l\000.\000m\000o\000d\000e\000l\000.\000t\000a\000b\000l\000e}{chapter.2}% 6
\BOOKMARK [1][-]{section.2.4}{\376\377\000s\000i\000m\000p\000l\000e\000\137\000s\000q\000l\000.\000m\000o\000d\000e\000l\000.\000t\000y\000p\000e}{chapter.2}% 7
\BOOKMARK [1][-]{section.2.5}{\376\377\000s\000i\000m\000p\000l\000e\000\137\000s\000q\000l\000.\000m\000o\000d\000e\000l\000.\000t\000y\000p\000e\000s\000\137\000e\000n\000u\000m}{chapter.2}% 8
\BOOKMARK [0][-]{chapter.3}{\376\377\000s\000i\000m\000p\000l\000e\000\137\000s\000q\000l\000.\000d\000a\000t\000a\000b\000a\000s\000e\000\040\000p\000a\000c\000k\000a\000g\000e}{}% 9
\BOOKMARK [1][-]{section.3.1}{\376\377\000s\000i\000m\000p\000l\000e\000\137\000s\000q\000l\000.\000d\000a\000t\000a\000b\000a\000s\000e}{chapter.3}% 10
\BOOKMARK [0][-]{chapter.4}{\376\377\000s\000i\000m\000p\000l\000e\000\137\000s\000q\000l\000.\000s\000t\000a\000t\000e\000m\000e\000n\000t\000s\000\040\000p\000a\000c\000k\000a\000g\000e}{}% 11
\BOOKMARK [1][-]{section.4.1}{\376\377\000s\000i\000m\000p\000l\000e\000\137\000s\000q\000l\000.\000s\000t\000a\000t\000e\000m\000e\000n\000t\000s\000.\000d\000e\000l\000e\000t\000e}{chapter.4}% 12
\BOOKMARK [1][-]{section.4.2}{\376\377\000s\000i\000m\000p\000l\000e\000\137\000s\000q\000l\000.\000s\000t\000a\000t\000e\000m\000e\000n\000t\000s\000.\000d\000r\000o\000p\000\137\000t\000a\000b\000l\000e}{chapter.4}% 13
\BOOKMARK [1][-]{section.4.3}{\376\377\000s\000i\000m\000p\000l\000e\000\137\000s\000q\000l\000.\000s\000t\000a\000t\000e\000m\000e\000n\000t\000s\000.\000i\000n\000s\000e\000r\000t\000\137\000i\000n\000t\000o}{chapter.4}% 14
\BOOKMARK [1][-]{section.4.4}{\376\377\000s\000i\000m\000p\000l\000e\000\137\000s\000q\000l\000.\000s\000t\000a\000t\000e\000m\000e\000n\000t\000s\000.\000s\000e\000l\000e\000c\000t}{chapter.4}% 15
\BOOKMARK [1][-]{section.4.5}{\376\377\000s\000i\000m\000p\000l\000e\000\137\000s\000q\000l\000.\000s\000t\000a\000t\000e\000m\000e\000n\000t\000s\000.\000u\000p\000d\000a\000t\000e}{chapter.4}% 16
\BOOKMARK [0][-]{chapter.5}{\376\377\000s\000i\000m\000p\000l\000e\000\137\000s\000q\000l\000.\000w\000r\000a\000p\000p\000e\000r\000s\000\040\000p\000a\000c\000k\000a\000g\000e}{}% 17
\BOOKMARK [1][-]{section.5.1}{\376\377\000s\000i\000m\000p\000l\000e\000\137\000s\000q\000l\000.\000w\000r\000a\000p\000p\000e\000r\000s\000.\000d\000e\000l\000e\000t\000e\000\137\000w\000r\000a\000p\000p\000e\000r}{chapter.5}% 18
\BOOKMARK [1][-]{section.5.2}{\376\377\000s\000i\000m\000p\000l\000e\000\137\000s\000q\000l\000.\000w\000r\000a\000p\000p\000e\000r\000s\000.\000d\000r\000o\000p\000\137\000t\000a\000b\000l\000e\000\137\000w\000r\000a\000p\000p\000e\000r}{chapter.5}% 19
\BOOKMARK [1][-]{section.5.3}{\376\377\000s\000i\000m\000p\000l\000e\000\137\000s\000q\000l\000.\000w\000r\000a\000p\000p\000e\000r\000s\000.\000i\000n\000s\000e\000r\000t\000\137\000i\000n\000t\000o\000\137\000w\000r\000a\000p\000p\000e\000r}{chapter.5}% 20
\BOOKMARK [1][-]{section.5.4}{\376\377\000s\000i\000m\000p\000l\000e\000\137\000s\000q\000l\000.\000w\000r\000a\000p\000p\000e\000r\000s\000.\000s\000e\000l\000e\000c\000t\000\137\000w\000r\000a\000p\000p\000e\000r}{chapter.5}% 21
\BOOKMARK [1][-]{section.5.5}{\376\377\000s\000i\000m\000p\000l\000e\000\137\000s\000q\000l\000.\000w\000r\000a\000p\000p\000e\000r\000s\000.\000u\000p\000d\000a\000t\000e\000\137\000w\000r\000a\000p\000p\000e\000r}{chapter.5}% 22
\BOOKMARK [0][-]{chapter.6}{\376\377\000I\000n\000d\000i\000c\000e\000s\000\040\000a\000n\000d\000\040\000t\000a\000b\000l\000e\000s}{}% 23
